[ 2017-07-14T00:00:27+08:00 ] 127.0.0.1 /index.php/Home/Shop/success.html
ERR: 非法操作:success

[ 2017-07-14T00:16:10+08:00 ] 127.0.0.1 /index.php/Home/User/checkUser.html
INFO: [ app_begin ] --START--
INFO: Run Behavior\ReadHtmlCacheBehavior [ RunTime:0.000416s ]
INFO: [ app_begin ] --END-- [ RunTime:0.000711s ]
SQL: SHOW COLUMNS FROM `sp_user` [ RunTime:0.0211s ]
SQL: SELECT * FROM `sp_user` WHERE `username` = 'Lucy' AND `password` = '123456' LIMIT 1   [ RunTime:0.0003s ]

[ 2017-07-14T00:18:41+08:00 ] 127.0.0.1 /index.php/Home/User/checkUser.html
INFO: [ app_begin ] --START--
INFO: Run Behavior\ReadHtmlCacheBehavior [ RunTime:0.000387s ]
INFO: [ app_begin ] --END-- [ RunTime:0.000699s ]
SQL: SHOW COLUMNS FROM `sp_user` [ RunTime:0.0130s ]
SQL: SELECT * FROM `sp_user` WHERE `username` = 'Lucy' AND `password` = '123456' LIMIT 1   [ RunTime:0.0003s ]

[ 2017-07-14T00:23:06+08:00 ] 127.0.0.1 /index.php/Home/User/checkUser.html
INFO: [ app_begin ] --START--
INFO: Run Behavior\ReadHtmlCacheBehavior [ RunTime:0.000446s ]
INFO: [ app_begin ] --END-- [ RunTime:0.000814s ]
SQL: SHOW COLUMNS FROM `sp_user` [ RunTime:0.0101s ]
SQL: SELECT * FROM `sp_user` WHERE `username` = 'Lucy' AND `password` = '123456' LIMIT 1   [ RunTime:0.0003s ]

[ 2017-07-14T00:24:54+08:00 ] 127.0.0.1 /index.php/Home/User/checkUser.html
INFO: [ app_begin ] --START--
INFO: Run Behavior\ReadHtmlCacheBehavior [ RunTime:0.000390s ]
INFO: [ app_begin ] --END-- [ RunTime:0.000686s ]
SQL: SHOW COLUMNS FROM `sp_user` [ RunTime:0.0106s ]
SQL: SELECT * FROM `sp_user` WHERE `username` = 'Lucy' AND `password` = '123456' LIMIT 1   [ RunTime:0.0004s ]

[ 2017-07-14T00:26:10+08:00 ] 127.0.0.1 /index.php/Home/User/checkUser.html
INFO: [ app_begin ] --START--
INFO: Run Behavior\ReadHtmlCacheBehavior [ RunTime:0.000382s ]
INFO: [ app_begin ] --END-- [ RunTime:0.000700s ]
SQL: SHOW COLUMNS FROM `sp_user` [ RunTime:0.0199s ]
SQL: SELECT * FROM `sp_user` WHERE `username` = 'Lucy' AND `password` = '123456' LIMIT 1   [ RunTime:0.0003s ]
NOTIC: [8] Undefined index: user_id D:\AllFile\Repository\weChat\Application\Home\Controller\UserController.class.php 第 23 行.

[ 2017-07-14T00:26:53+08:00 ] 127.0.0.1 /index.php/Home/User/checkUser.html
INFO: [ app_begin ] --START--
INFO: Run Behavior\ReadHtmlCacheBehavior [ RunTime:0.000363s ]
INFO: [ app_begin ] --END-- [ RunTime:0.000749s ]
SQL: SHOW COLUMNS FROM `sp_user` [ RunTime:0.0124s ]
SQL: SELECT * FROM `sp_user` WHERE `username` = 'Lucy' AND `password` = '123456' LIMIT 1   [ RunTime:0.0003s ]
NOTIC: [8] Undefined index: user_id D:\AllFile\Repository\weChat\Application\Home\Controller\UserController.class.php 第 23 行.

[ 2017-07-14T00:29:39+08:00 ] 127.0.0.1 /index.php/Home/Shop/addGoods.html
INFO: [ app_begin ] --START--
INFO: Run Behavior\ReadHtmlCacheBehavior [ RunTime:0.000576s ]
INFO: [ app_begin ] --END-- [ RunTime:0.000958s ]
NOTIC: [8] A session had already been started - ignoring session_start() D:\AllFile\Repository\weChat\Application\Home\Common\Cart.class.php 第 23 行.

[ 2017-07-14T00:29:47+08:00 ] 127.0.0.1 /index.php/Home/Shop/addGoods.html
INFO: [ app_begin ] --START--
INFO: Run Behavior\ReadHtmlCacheBehavior [ RunTime:0.000340s ]
INFO: [ app_begin ] --END-- [ RunTime:0.000651s ]
NOTIC: [8] A session had already been started - ignoring session_start() D:\AllFile\Repository\weChat\Application\Home\Common\Cart.class.php 第 23 行.

[ 2017-07-14T00:30:03+08:00 ] 127.0.0.1 /index.php/Home/Shop/successPay.html
ERR: 1048:Column 'user_id' cannot be null
 [ SQL语句 ] : INSERT INTO `sp_order` (`user_id`,`order_number`,`order_price`,`upd_time`,`add_time`) VALUES (NULL,'weshop-20170714003002-7138','70004','1499963402','1499963402')

[ 2017-07-14T00:31:44+08:00 ] 127.0.0.1 /index.php/Home/User/checkUser.html
INFO: [ app_begin ] --START--
INFO: Run Behavior\ReadHtmlCacheBehavior [ RunTime:0.000385s ]
INFO: [ app_begin ] --END-- [ RunTime:0.000658s ]
SQL: SHOW COLUMNS FROM `sp_user` [ RunTime:0.0139s ]
SQL: SELECT * FROM `sp_user` WHERE `username` = 'Lucy' AND `password` = '123456' LIMIT 1   [ RunTime:0.0004s ]

[ 2017-07-14T19:11:38+08:00 ] 127.0.0.1 /index.php/Home/User/register.html
INFO: [ app_begin ] --START--
INFO: Run Behavior\ReadHtmlCacheBehavior [ RunTime:0.000338s ]
INFO: [ app_begin ] --END-- [ RunTime:0.000580s ]

[ 2017-07-14T19:15:22+08:00 ] 127.0.0.1 /index.php/Home/User/register.html
INFO: [ app_begin ] --START--
INFO: Run Behavior\ReadHtmlCacheBehavior [ RunTime:0.000341s ]
INFO: [ app_begin ] --END-- [ RunTime:0.000621s ]

[ 2017-07-14T19:15:44+08:00 ] 127.0.0.1 /index.php/Home/User/register.html
INFO: [ app_begin ] --START--
INFO: Run Behavior\ReadHtmlCacheBehavior [ RunTime:0.000331s ]
INFO: [ app_begin ] --END-- [ RunTime:0.000661s ]

[ 2017-07-14T19:43:21+08:00 ] 127.0.0.1 /index.php/Home/User/register.html
INFO: [ app_begin ] --START--
INFO: Run Behavior\ReadHtmlCacheBehavior [ RunTime:0.000337s ]
INFO: [ app_begin ] --END-- [ RunTime:0.000653s ]
INFO: [ view_parse ] --START--
INFO: [ template_filter ] --START--
INFO: Run Behavior\ContentReplaceBehavior [ RunTime:0.000040s ]
INFO: [ template_filter ] --END-- [ RunTime:0.000098s ]
INFO: Run Behavior\ParseTemplateBehavior [ RunTime:0.005843s ]
INFO: [ view_parse ] --END-- [ RunTime:0.005889s ]
INFO: [ view_filter ] --START--
INFO: Run Behavior\WriteHtmlCacheBehavior [ RunTime:0.000308s ]
INFO: [ view_filter ] --END-- [ RunTime:0.000345s ]
INFO: [ app_end ] --START--
INFO: Run Behavior\ShowPageTraceBehavior [ RunTime:0.000483s ]
INFO: [ app_end ] --END-- [ RunTime:0.000507s ]

[ 2017-07-14T19:43:50+08:00 ] 127.0.0.1 /index.php/Home/User/sendRegisterSMS.html
INFO: [ app_begin ] --START--
INFO: Run Behavior\ReadHtmlCacheBehavior [ RunTime:0.000397s ]
INFO: [ app_begin ] --END-- [ RunTime:0.000661s ]

[ 2017-07-14T19:47:15+08:00 ] 127.0.0.1 /index.php/Home/User/sendRegisterSMS.html
INFO: [ app_begin ] --START--
INFO: Run Behavior\ReadHtmlCacheBehavior [ RunTime:0.000432s ]
INFO: [ app_begin ] --END-- [ RunTime:0.000729s ]

[ 2017-07-14T19:49:54+08:00 ] 127.0.0.1 /index.php/Home/User/sendRegisterSMS.html
INFO: [ app_begin ] --START--
INFO: Run Behavior\ReadHtmlCacheBehavior [ RunTime:0.000451s ]
INFO: [ app_begin ] --END-- [ RunTime:0.000809s ]

[ 2017-07-14T19:50:02+08:00 ] 127.0.0.1 /index.php/Home/User/sendRegisterSMS.html
INFO: [ app_begin ] --START--
INFO: Run Behavior\ReadHtmlCacheBehavior [ RunTime:0.000597s ]
INFO: [ app_begin ] --END-- [ RunTime:0.000985s ]

[ 2017-07-14T19:58:36+08:00 ] 127.0.0.1 /index.php/Home/User/register.html
INFO: [ app_begin ] --START--
INFO: Run Behavior\ReadHtmlCacheBehavior [ RunTime:0.000748s ]
INFO: [ app_begin ] --END-- [ RunTime:0.001087s ]

[ 2017-07-14T19:58:46+08:00 ] 127.0.0.1 /index.php/Home/User/register.html
INFO: [ app_begin ] --START--
INFO: Run Behavior\ReadHtmlCacheBehavior [ RunTime:0.000563s ]
INFO: [ app_begin ] --END-- [ RunTime:0.002342s ]

[ 2017-07-14T19:59:43+08:00 ] 127.0.0.1 /index.php/Home/User/register.html
INFO: [ app_begin ] --START--
INFO: Run Behavior\ReadHtmlCacheBehavior [ RunTime:0.000700s ]
INFO: [ app_begin ] --END-- [ RunTime:0.001831s ]

[ 2017-07-14T20:09:05+08:00 ] 127.0.0.1 /index.php/Home/User/register.html
INFO: [ app_begin ] --START--
INFO: Run Behavior\ReadHtmlCacheBehavior [ RunTime:0.000361s ]
INFO: [ app_begin ] --END-- [ RunTime:0.000630s ]
INFO: [ view_parse ] --START--
INFO: [ template_filter ] --START--
INFO: Run Behavior\ContentReplaceBehavior [ RunTime:0.000038s ]
INFO: [ template_filter ] --END-- [ RunTime:0.000072s ]
INFO: Run Behavior\ParseTemplateBehavior [ RunTime:0.009397s ]
INFO: [ view_parse ] --END-- [ RunTime:0.009453s ]
INFO: [ view_filter ] --START--
INFO: Run Behavior\WriteHtmlCacheBehavior [ RunTime:0.000339s ]
INFO: [ view_filter ] --END-- [ RunTime:0.000366s ]
INFO: [ app_end ] --START--
INFO: Run Behavior\ShowPageTraceBehavior [ RunTime:0.000540s ]
INFO: [ app_end ] --END-- [ RunTime:0.000568s ]

[ 2017-07-14T20:10:18+08:00 ] 127.0.0.1 /index.php/Home/User/register.html
INFO: [ app_begin ] --START--
INFO: Run Behavior\ReadHtmlCacheBehavior [ RunTime:0.000335s ]
INFO: [ app_begin ] --END-- [ RunTime:0.000581s ]

[ 2017-07-14T20:11:23+08:00 ] 127.0.0.1 /index.php/Home/User/register.html
INFO: [ app_begin ] --START--
INFO: Run Behavior\ReadHtmlCacheBehavior [ RunTime:0.000378s ]
INFO: [ app_begin ] --END-- [ RunTime:0.000742s ]

[ 2017-07-14T20:12:22+08:00 ] 127.0.0.1 /index.php/Home/User/register.html
INFO: [ app_begin ] --START--
INFO: Run Behavior\ReadHtmlCacheBehavior [ RunTime:0.000443s ]
INFO: [ app_begin ] --END-- [ RunTime:0.000765s ]

[ 2017-07-14T20:12:23+08:00 ] 127.0.0.1 /index.php/Home/User/register.html
INFO: [ app_begin ] --START--
INFO: Run Behavior\ReadHtmlCacheBehavior [ RunTime:0.001386s ]
INFO: [ app_begin ] --END-- [ RunTime:0.001845s ]

[ 2017-07-14T20:12:24+08:00 ] 127.0.0.1 /index.php/Home/User/register.html
INFO: [ app_begin ] --START--
INFO: Run Behavior\ReadHtmlCacheBehavior [ RunTime:0.000640s ]
INFO: [ app_begin ] --END-- [ RunTime:0.019188s ]

[ 2017-07-14T20:12:24+08:00 ] 127.0.0.1 /index.php/Home/User/register.html
INFO: [ app_begin ] --START--
INFO: Run Behavior\ReadHtmlCacheBehavior [ RunTime:0.000392s ]
INFO: [ app_begin ] --END-- [ RunTime:0.000654s ]

[ 2017-07-14T20:13:14+08:00 ] 127.0.0.1 /index.php/Home/User/register.html
INFO: [ app_begin ] --START--
INFO: Run Behavior\ReadHtmlCacheBehavior [ RunTime:0.000384s ]
INFO: [ app_begin ] --END-- [ RunTime:0.000706s ]

[ 2017-07-14T20:14:03+08:00 ] 127.0.0.1 /index.php/Home/User/register.html
INFO: [ app_begin ] --START--
INFO: Run Behavior\ReadHtmlCacheBehavior [ RunTime:0.000568s ]
INFO: [ app_begin ] --END-- [ RunTime:0.000916s ]

[ 2017-07-14T20:14:43+08:00 ] 127.0.0.1 /index.php/Home/User/register.html
INFO: [ app_begin ] --START--
INFO: Run Behavior\ReadHtmlCacheBehavior [ RunTime:0.000375s ]
INFO: [ app_begin ] --END-- [ RunTime:0.000625s ]

[ 2017-07-14T20:14:45+08:00 ] 127.0.0.1 /index.php/Home/User/register.html
INFO: [ app_begin ] --START--
INFO: Run Behavior\ReadHtmlCacheBehavior [ RunTime:0.000420s ]
INFO: [ app_begin ] --END-- [ RunTime:0.000667s ]

[ 2017-07-14T20:14:45+08:00 ] 127.0.0.1 /index.php/Home/User/register.html
INFO: [ app_begin ] --START--
INFO: Run Behavior\ReadHtmlCacheBehavior [ RunTime:0.000356s ]
INFO: [ app_begin ] --END-- [ RunTime:0.000616s ]

[ 2017-07-14T20:14:45+08:00 ] 127.0.0.1 /index.php/Home/User/register.html
INFO: [ app_begin ] --START--
INFO: Run Behavior\ReadHtmlCacheBehavior [ RunTime:0.000372s ]
INFO: [ app_begin ] --END-- [ RunTime:0.000664s ]

[ 2017-07-14T20:14:46+08:00 ] 127.0.0.1 /index.php/Home/User/register.html
INFO: [ app_begin ] --START--
INFO: Run Behavior\ReadHtmlCacheBehavior [ RunTime:0.001502s ]
INFO: [ app_begin ] --END-- [ RunTime:0.002061s ]

[ 2017-07-14T20:14:46+08:00 ] 127.0.0.1 /index.php/Home/User/register.html
INFO: [ app_begin ] --START--
INFO: Run Behavior\ReadHtmlCacheBehavior [ RunTime:0.000354s ]
INFO: [ app_begin ] --END-- [ RunTime:0.000612s ]

[ 2017-07-14T20:16:41+08:00 ] 127.0.0.1 /index.php/Home/User/sendRegisterSMS.html
INFO: [ app_begin ] --START--
INFO: Run Behavior\ReadHtmlCacheBehavior [ RunTime:0.000569s ]
INFO: [ app_begin ] --END-- [ RunTime:0.001200s ]

[ 2017-07-14T20:17:00+08:00 ] 127.0.0.1 /index.php/Home/User/sendRegisterSMS.html
INFO: [ app_begin ] --START--
INFO: Run Behavior\ReadHtmlCacheBehavior [ RunTime:0.000394s ]
INFO: [ app_begin ] --END-- [ RunTime:0.001047s ]

[ 2017-07-14T20:17:16+08:00 ] 127.0.0.1 /index.php/Home/User/register.html
INFO: [ app_begin ] --START--
INFO: Run Behavior\ReadHtmlCacheBehavior [ RunTime:0.000387s ]
INFO: [ app_begin ] --END-- [ RunTime:0.000644s ]

[ 2017-07-14T20:17:21+08:00 ] 127.0.0.1 /index.php/Home/User/register.html
INFO: [ app_begin ] --START--
INFO: Run Behavior\ReadHtmlCacheBehavior [ RunTime:0.000383s ]
INFO: [ app_begin ] --END-- [ RunTime:0.000706s ]

[ 2017-07-14T20:17:29+08:00 ] 127.0.0.1 /index.php/Home/User/register.html
INFO: [ app_begin ] --START--
INFO: Run Behavior\ReadHtmlCacheBehavior [ RunTime:0.000349s ]
INFO: [ app_begin ] --END-- [ RunTime:0.000603s ]

[ 2017-07-14T20:17:43+08:00 ] 127.0.0.1 /index.php/Home/User/register.html
INFO: [ app_begin ] --START--
INFO: Run Behavior\ReadHtmlCacheBehavior [ RunTime:0.000978s ]
INFO: [ app_begin ] --END-- [ RunTime:0.001746s ]

[ 2017-07-14T20:18:25+08:00 ] 127.0.0.1 /index.php/Home/User/register.html
INFO: [ app_begin ] --START--
INFO: Run Behavior\ReadHtmlCacheBehavior [ RunTime:0.000476s ]
INFO: [ app_begin ] --END-- [ RunTime:0.000896s ]

[ 2017-07-14T20:19:37+08:00 ] 127.0.0.1 /index.php/Home/User/register.html
INFO: [ app_begin ] --START--
INFO: Run Behavior\ReadHtmlCacheBehavior [ RunTime:0.000688s ]
INFO: [ app_begin ] --END-- [ RunTime:0.001356s ]

[ 2017-07-14T20:23:09+08:00 ] 127.0.0.1 /index.php/Home/User/register.html
INFO: [ app_begin ] --START--
INFO: Run Behavior\ReadHtmlCacheBehavior [ RunTime:0.000444s ]
INFO: [ app_begin ] --END-- [ RunTime:0.000825s ]

[ 2017-07-14T20:23:21+08:00 ] 127.0.0.1 /index.php/Home/User/register.html
INFO: [ app_begin ] --START--
INFO: Run Behavior\ReadHtmlCacheBehavior [ RunTime:0.000409s ]
INFO: [ app_begin ] --END-- [ RunTime:0.000746s ]
INFO: [ view_parse ] --START--
INFO: [ template_filter ] --START--
INFO: Run Behavior\ContentReplaceBehavior [ RunTime:0.000042s ]
INFO: [ template_filter ] --END-- [ RunTime:0.000085s ]
INFO: Run Behavior\ParseTemplateBehavior [ RunTime:0.033339s ]
INFO: [ view_parse ] --END-- [ RunTime:0.033393s ]
INFO: [ view_filter ] --START--
INFO: Run Behavior\WriteHtmlCacheBehavior [ RunTime:0.000341s ]
INFO: [ view_filter ] --END-- [ RunTime:0.000364s ]
INFO: [ app_end ] --START--
INFO: Run Behavior\ShowPageTraceBehavior [ RunTime:0.000467s ]
INFO: [ app_end ] --END-- [ RunTime:0.000502s ]

[ 2017-07-14T20:26:30+08:00 ] 127.0.0.1 /index.php/Home/User/register.html
INFO: [ app_begin ] --START--
INFO: Run Behavior\ReadHtmlCacheBehavior [ RunTime:0.000893s ]
INFO: [ app_begin ] --END-- [ RunTime:0.001961s ]

